<?xml version="1.0" encoding="UTF-8"?>
<testng-results skipped="0" failed="0" total="1" passed="1">
  <reporter-output>
  </reporter-output>
  <suite name="Default suite" duration-ms="52" started-at="2022-07-07T06:05:14Z" finished-at="2022-07-07T06:05:14Z">
    <groups>
    </groups>
    <test name="Default test" duration-ms="52" started-at="2022-07-07T06:05:14Z" finished-at="2022-07-07T06:05:14Z">
      <class name="pkg.class1">
        <test-method status="PASS" signature="method()[pri:0, instance:pkg.class1@1d082e88]" name="method" duration-ms="20" started-at="2022-07-07T11:35:14Z" finished-at="2022-07-07T11:35:14Z">
          <reporter-output>
          </reporter-output>
        </test-method> <!-- method -->
      </class> <!-- pkg.class1 -->
    </test> <!-- Default test -->
  </suite> <!-- Default suite -->
</testng-results>
